1 LETTER-NOT-IN-RACK
2 INVALID-TILE-POSITION
3 INVALID-TILE-POSITION
4 LETTER-NOT-IN-RACK
5 INVALID-SQUARE-INDEX
6 INVALID-DIRECTION
7 LETTER-NOT-IN-RACK
8 INVALID-TILE-POSITION
9 INVALID-TILE-POSITION
10 INVALID-TILE-POSITION
11 INVALID-DIRECTION
12 INVALID-TILE-POSITION
13 INVALID-TILE-POSITION
14 INVALID-TILE-POSITION
15 INVALID-TILE-POSITION
16 NO-ROOM-FOR-TILES
17 INVALID-TILE-POSITION
18 INVALID-SQUARE-INDEX
19 INVALID-TILE-POSITION
20 INVALID-TILE-POSITION
21 INVALID-TILE-POSITION
22 INVALID-DIRECTION
23 LETTER-NOT-IN-RACK
24 LETTER-NOT-IN-RACK
25 LETTER-NOT-IN-RACK
26 INVALID-TILE-POSITION
27 LETTER-NOT-IN-RACK
28 INVALID-TILE-POSITION
29 NO-ROOM-FOR-TILES
30 INVALID-TILE-POSITION
31 INVALID-TILE-POSITION
32 INVALID-TILE-POSITION
33 INVALID-TILE-POSITION
34 INVALID-TILE-POSITION
35 NO-ROOM-FOR-TILES
36 LETTER-NOT-IN-RACK
37 INVALID-SQUARE-INDEX
38 LETTER-NOT-IN-RACK
39 INVALID-TILE-POSITION
40 INVALID-TILE-POSITION
41 LETTER-NOT-IN-RACK
42 INVALID-DIRECTION
43 LETTER-NOT-IN-RACK
44 LETTER-NOT-IN-RACK
45 INVALID-TILE-POSITION
46 INVALID-TILE-POSITION
47 NO-ROOM-FOR-TILES
48 INVALID-TILE-POSITION
49 INVALID-TILE-POSITION
50 LETTER-NOT-IN-RACK
51 INVALID-SQUARE-INDEX
52 LETTER-NOT-IN-RACK
53 INVALID-TILE-POSITION
54 INVALID-TILE-POSITION
55 INVALID-TILE-POSITION
56 LETTER-NOT-IN-RACK
57 NO-ROOM-FOR-TILES
58 INVALID-TILE-POSITION
59 INVALID-TILE-POSITION
60 INVALID-TILE-POSITION
61 NO-ROOM-FOR-TILES
62 INVALID-TILE-POSITION
63 LETTER-NOT-IN-RACK
64 INVALID-TILE-POSITION
65 INVALID-TILE-POSITION
66 INVALID-DIRECTION
67 INVALID-TILE-POSITION
68 LETTER-NOT-IN-RACK
69 INVALID-DIRECTION
70 INVALID-SQUARE-INDEX
71 LETTER-NOT-IN-RACK
72 LETTER-NOT-IN-RACK
73 LETTER-NOT-IN-RACK
74 INVALID-SQUARE-INDEX
75 INVALID-TILE-POSITION
76 LETTER-NOT-IN-RACK
77 INVALID-TILE-POSITION
78 INVALID-TILE-POSITION
79 INVALID-TILE-POSITION
80 INVALID-SQUARE-INDEX
81 NO-ROOM-FOR-TILES
82 LETTER-NOT-IN-RACK
83 INVALID-TILE-POSITION
84 INVALID-TILE-POSITION
85 INVALID-TILE-POSITION
86 LETTER-NOT-IN-RACK
87 INVALID-DIRECTION
88 LETTER-NOT-IN-RACK
89 INVALID-TILE-POSITION
90 INVALID-TILE-POSITION
91 INVALID-DIRECTION
92 LETTER-NOT-IN-RACK
93 INVALID-DIRECTION
94 INVALID-DIRECTION
95 NO-ROOM-FOR-TILES
96 INVALID-TILE-POSITION
97 INVALID-SQUARE-INDEX
98 INVALID-TILE-POSITION
99 LETTER-NOT-IN-RACK
100 LETTER-NOT-IN-RACK
101 LETTER-NOT-IN-RACK
102 INVALID-TILE-POSITION
103 INVALID-DIRECTION
104 LETTER-NOT-IN-RACK
105 INVALID-TILE-POSITION
106 INVALID-TILE-POSITION
107 NO-ROOM-FOR-TILES
108 INVALID-TILE-POSITION
109 INVALID-TILE-POSITION
110 LETTER-NOT-IN-RACK
111 LETTER-NOT-IN-RACK
112 NO-ROOM-FOR-TILES
113 LETTER-NOT-IN-RACK
114 LETTER-NOT-IN-RACK
115 LETTER-NOT-IN-RACK
116 LETTER-NOT-IN-RACK
117 INVALID-TILE-POSITION
118 LETTER-NOT-IN-RACK
119 LETTER-NOT-IN-RACK
120 LETTER-NOT-IN-RACK
121 INVALID-TILE-POSITION
122 INVALID-TILE-POSITION
123 INVALID-TILE-POSITION
124 INVALID-TILE-POSITION
125 LETTER-NOT-IN-RACK
126 INVALID-TILE-POSITION
127 INVALID-TILE-POSITION
128 INVALID-TILE-POSITION
129 INVALID-TILE-POSITION
130 INVALID-TILE-POSITION
131 INVALID-TILE-POSITION
132 INVALID-DIRECTION
133 INVALID-TILE-POSITION
134 INVALID-TILE-POSITION
135 LETTER-NOT-IN-RACK
136 LETTER-NOT-IN-RACK
137 NO-ROOM-FOR-TILES
138 LETTER-NOT-IN-RACK
139 INVALID-TILE-POSITION
140 INVALID-TILE-POSITION
141 INVALID-TILE-POSITION
142 INVALID-TILE-POSITION
143 LETTER-NOT-IN-RACK
144 LETTER-NOT-IN-RACK
145 LETTER-NOT-IN-RACK
146 INVALID-TILE-POSITION
147 INVALID-DIRECTION
148 INVALID-TILE-POSITION
149 INVALID-SQUARE-INDEX
150 INVALID-TILE-POSITION
151 LETTER-NOT-IN-RACK
152 INVALID-SQUARE-INDEX
153 LETTER-NOT-IN-RACK
154 INVALID-TILE-POSITION
155 INVALID-TILE-POSITION
156 INVALID-TILE-POSITION
157 INVALID-TILE-POSITION
158 INVALID-TILE-POSITION
159 INVALID-TILE-POSITION
160 INVALID-DIRECTION
161 LETTER-NOT-IN-RACK
162 LETTER-NOT-IN-RACK
163 INVALID-TILE-POSITION
164 LETTER-NOT-IN-RACK
165 INVALID-TILE-POSITION
166 LETTER-NOT-IN-RACK
167 INVALID-TILE-POSITION
168 INVALID-TILE-POSITION
169 NO-ROOM-FOR-TILES
170 LETTER-NOT-IN-RACK
171 INVALID-TILE-POSITION
172 NO-ROOM-FOR-TILES
173 1 14
174 LETTER-NOT-IN-RACK
175 INVALID-TILE-POSITION
176 INVALID-TILE-POSITION
177 LETTER-NOT-IN-RACK
178 INVALID-TILE-POSITION
179 LETTER-NOT-IN-RACK
180 INVALID-TILE-POSITION
181 INVALID-TILE-POSITION
182 1 12
183 INVALID-TILE-POSITION
184 INVALID-DIRECTION
185 LETTER-NOT-IN-RACK
186 NO-ROOM-FOR-TILES
187 INVALID-TILE-POSITION
188 INVALID-DIRECTION
189 INVALID-TILE-POSITION
190 INVALID-TILE-POSITION
191 INVALID-DIRECTION
192 INVALID-TILE-POSITION
193 LETTER-NOT-IN-RACK
194 LETTER-NOT-IN-RACK
195 LETTER-NOT-IN-RACK
196 LETTER-NOT-IN-RACK
197 NO-ROOM-FOR-TILES
198 LETTER-NOT-IN-RACK
199 INVALID-TILE-POSITION
200 LETTER-NOT-IN-RACK
201 INVALID-TILE-POSITION
202 LETTER-NOT-IN-RACK
203 INVALID-DIRECTION
204 NO-ROOM-FOR-TILES
205 INVALID-DIRECTION
206 INVALID-TILE-POSITION
207 INVALID-TILE-POSITION
208 1 3
209 NO-ROOM-FOR-TILES
210 NO-ROOM-FOR-TILES
211 INVALID-TILE-POSITION
212 NO-ROOM-FOR-TILES
213 1 8
214 3 17
215 NO-ROOM-FOR-TILES
216 LETTER-NOT-IN-RACK
217 INVALID-TILE-POSITION
218 INVALID-SQUARE-INDEX
219 INVALID-TILE-POSITION
220 INVALID-TILE-POSITION
221 INVALID-DIRECTION
222 2 15
223 INVALID-TILE-POSITION
224 1 16
225 INVALID-DIRECTION
226 1 14
227 2 16
228 INVALID-DIRECTION
229 INVALID-TILE-POSITION
230 INVALID-SQUARE-INDEX
231 NO-ROOM-FOR-TILES
232 LETTER-NOT-IN-RACK
233 NO-ROOM-FOR-TILES
234 INVALID-DIRECTION
235 INVALID-TILE-POSITION
236 INVALID-TILE-POSITION
237 LETTER-NOT-IN-RACK
238 INVALID-TILE-POSITION
239 LETTER-NOT-IN-RACK
240 NO-ROOM-FOR-TILES
241 INVALID-TILE-POSITION
242 7 25
243 NO-ROOM-FOR-TILES
244 INVALID-TILE-POSITION
245 INVALID-SQUARE-INDEX
246 3 7
247 1 10
248 INVALID-SQUARE-INDEX
249 1 8
250 INVALID-TILE-POSITION
251 1 7
252 NO-ROOM-FOR-TILES
253 NO-ROOM-FOR-TILES
254 6 52
255 INVALID-DIRECTION
256 NO-ROOM-FOR-TILES
257 LETTER-NOT-IN-RACK
258 LETTER-NOT-IN-RACK
259 NO-ROOM-FOR-TILES
260 5 27
261 NO-ROOM-FOR-TILES
262 INVALID-TILE-POSITION
263 NO-ROOM-FOR-TILES
264 3 14
265 INVALID-TILE-POSITION
266 NO-ROOM-FOR-TILES
267 LETTER-NOT-IN-RACK
268 INVALID-TILE-POSITION
269 1 3
270 3 29
271 LETTER-NOT-IN-RACK
272 1 11
273 INVALID-DIRECTION
274 3 21
275 LETTER-NOT-IN-RACK
276 LETTER-NOT-IN-RACK
277 3 6
278 NO-ROOM-FOR-TILES
279 INVALID-TILE-POSITION
280 LETTER-NOT-IN-RACK
281 INVALID-TILE-POSITION
282 LETTER-NOT-IN-RACK
283 NO-ROOM-FOR-TILES
284 4 73
285 LETTER-NOT-IN-RACK
286 NO-ROOM-FOR-TILES
287 INVALID-SQUARE-INDEX
288 INVALID-DIRECTION
289 LETTER-NOT-IN-RACK
290 LETTER-NOT-IN-RACK
291 1 14
292 INVALID-TILE-POSITION
293 LETTER-NOT-IN-RACK
294 LETTER-NOT-IN-RACK
295 LETTER-NOT-IN-RACK
296 3 14
297 NO-MORE-TILES
298 NO-MORE-TILES
299 NO-MORE-TILES
300 NO-MORE-TILES
301 NO-MORE-TILES
302 NO-MORE-TILES
303 NO-MORE-TILES
304 NO-MORE-TILES
305 NO-MORE-TILES
306 NO-MORE-TILES
307 NO-MORE-TILES
308 NO-MORE-TILES
309 NO-MORE-TILES
310 NO-MORE-TILES
311 NO-MORE-TILES
312 NO-MORE-TILES
313 NO-MORE-TILES
314 NO-MORE-TILES
315 NO-MORE-TILES
316 NO-MORE-TILES
317 NO-MORE-TILES
318 NO-MORE-TILES
319 NO-MORE-TILES
320 NO-MORE-TILES
321 NO-MORE-TILES
322 NO-MORE-TILES
323 NO-MORE-TILES
324 NO-MORE-TILES
325 NO-MORE-TILES
326 NO-MORE-TILES
327 NO-MORE-TILES
328 NO-MORE-TILES
329 NO-MORE-TILES
330 NO-MORE-TILES
331 NO-MORE-TILES
332 NO-MORE-TILES
333 NO-MORE-TILES
334 NO-MORE-TILES
335 NO-MORE-TILES
336 NO-MORE-TILES
337 NO-MORE-TILES
338 NO-MORE-TILES
339 NO-MORE-TILES
340 NO-MORE-TILES
341 NO-MORE-TILES
342 NO-MORE-TILES
343 NO-MORE-TILES
344 NO-MORE-TILES
345 NO-MORE-TILES
346 NO-MORE-TILES
347 NO-MORE-TILES
348 NO-MORE-TILES
349 NO-MORE-TILES
350 NO-MORE-TILES
351 NO-MORE-TILES
352 NO-MORE-TILES
353 NO-MORE-TILES
354 NO-MORE-TILES
355 NO-MORE-TILES
356 NO-MORE-TILES
357 NO-MORE-TILES
358 NO-MORE-TILES
359 NO-MORE-TILES
360 NO-MORE-TILES
361 NO-MORE-TILES
362 NO-MORE-TILES
363 NO-MORE-TILES
364 NO-MORE-TILES
365 NO-MORE-TILES
366 NO-MORE-TILES
367 NO-MORE-TILES
368 NO-MORE-TILES
369 NO-MORE-TILES
370 NO-MORE-TILES
371 NO-MORE-TILES
372 NO-MORE-TILES
373 NO-MORE-TILES
374 NO-MORE-TILES
375 NO-MORE-TILES
376 NO-MORE-TILES
377 NO-MORE-TILES
378 NO-MORE-TILES
379 NO-MORE-TILES
380 NO-MORE-TILES
381 NO-MORE-TILES
382 NO-MORE-TILES
383 NO-MORE-TILES
384 NO-MORE-TILES
385 NO-MORE-TILES
386 NO-MORE-TILES
387 NO-MORE-TILES
388 NO-MORE-TILES
389 NO-MORE-TILES
390 NO-MORE-TILES
391 NO-MORE-TILES
392 NO-MORE-TILES
393 NO-MORE-TILES
394 NO-MORE-TILES
395 NO-MORE-TILES
396 NO-MORE-TILES
397 NO-MORE-TILES
398 NO-MORE-TILES
399 NO-MORE-TILES
400 NO-MORE-TILES
401 NO-MORE-TILES
402 NO-MORE-TILES
403 NO-MORE-TILES
404 NO-MORE-TILES
405 NO-MORE-TILES
406 NO-MORE-TILES
407 NO-MORE-TILES
408 NO-MORE-TILES
409 NO-MORE-TILES
410 NO-MORE-TILES
411 NO-MORE-TILES
412 NO-MORE-TILES
413 NO-MORE-TILES
414 NO-MORE-TILES
415 NO-MORE-TILES
416 NO-MORE-TILES
417 NO-MORE-TILES
418 NO-MORE-TILES
419 NO-MORE-TILES
420 NO-MORE-TILES
421 NO-MORE-TILES
422 NO-MORE-TILES
423 NO-MORE-TILES
424 NO-MORE-TILES
425 NO-MORE-TILES
426 NO-MORE-TILES
427 NO-MORE-TILES
428 NO-MORE-TILES
429 NO-MORE-TILES
430 NO-MORE-TILES
431 NO-MORE-TILES
432 NO-MORE-TILES
433 NO-MORE-TILES
434 NO-MORE-TILES
435 NO-MORE-TILES
436 NO-MORE-TILES
437 NO-MORE-TILES
438 NO-MORE-TILES
439 NO-MORE-TILES
440 NO-MORE-TILES
441 NO-MORE-TILES
442 NO-MORE-TILES
443 NO-MORE-TILES
444 NO-MORE-TILES
445 NO-MORE-TILES
446 NO-MORE-TILES
447 NO-MORE-TILES
448 NO-MORE-TILES
449 NO-MORE-TILES
450 NO-MORE-TILES
451 NO-MORE-TILES
452 NO-MORE-TILES
453 NO-MORE-TILES
454 NO-MORE-TILES
455 NO-MORE-TILES
456 NO-MORE-TILES
457 NO-MORE-TILES
458 NO-MORE-TILES
459 NO-MORE-TILES
460 NO-MORE-TILES
461 NO-MORE-TILES
462 NO-MORE-TILES
463 NO-MORE-TILES
464 NO-MORE-TILES
465 NO-MORE-TILES
466 NO-MORE-TILES
467 NO-MORE-TILES
468 NO-MORE-TILES
469 NO-MORE-TILES
470 NO-MORE-TILES
471 NO-MORE-TILES
472 NO-MORE-TILES
473 NO-MORE-TILES
474 NO-MORE-TILES
475 NO-MORE-TILES
476 NO-MORE-TILES
477 NO-MORE-TILES
478 NO-MORE-TILES
479 NO-MORE-TILES
480 NO-MORE-TILES
481 NO-MORE-TILES
482 NO-MORE-TILES
483 NO-MORE-TILES
484 NO-MORE-TILES
485 NO-MORE-TILES
486 NO-MORE-TILES
487 NO-MORE-TILES
488 NO-MORE-TILES
489 NO-MORE-TILES
490 NO-MORE-TILES
491 NO-MORE-TILES
492 NO-MORE-TILES
493 NO-MORE-TILES
494 NO-MORE-TILES
495 NO-MORE-TILES
496 NO-MORE-TILES
497 NO-MORE-TILES
498 NO-MORE-TILES
499 NO-MORE-TILES
500 NO-MORE-TILES
501 NO-MORE-TILES
502 NO-MORE-TILES
503 NO-MORE-TILES
504 NO-MORE-TILES
505 NO-MORE-TILES
506 NO-MORE-TILES
507 NO-MORE-TILES
508 NO-MORE-TILES
509 NO-MORE-TILES
510 NO-MORE-TILES
511 NO-MORE-TILES
512 NO-MORE-TILES
513 NO-MORE-TILES
514 NO-MORE-TILES
515 NO-MORE-TILES
516 NO-MORE-TILES
517 NO-MORE-TILES
518 NO-MORE-TILES
519 NO-MORE-TILES
520 NO-MORE-TILES
521 NO-MORE-TILES
522 NO-MORE-TILES
523 NO-MORE-TILES
524 NO-MORE-TILES
525 NO-MORE-TILES
526 NO-MORE-TILES
527 NO-MORE-TILES
528 NO-MORE-TILES
529 NO-MORE-TILES
530 NO-MORE-TILES
531 NO-MORE-TILES
532 NO-MORE-TILES
533 NO-MORE-TILES
534 NO-MORE-TILES
535 NO-MORE-TILES
536 NO-MORE-TILES
537 NO-MORE-TILES
538 NO-MORE-TILES
539 NO-MORE-TILES
540 NO-MORE-TILES
541 NO-MORE-TILES
542 NO-MORE-TILES
543 NO-MORE-TILES
544 NO-MORE-TILES
545 NO-MORE-TILES
546 NO-MORE-TILES
547 NO-MORE-TILES
548 NO-MORE-TILES
549 NO-MORE-TILES
550 NO-MORE-TILES
551 NO-MORE-TILES
552 NO-MORE-TILES
553 NO-MORE-TILES
554 NO-MORE-TILES
555 NO-MORE-TILES
556 NO-MORE-TILES
557 NO-MORE-TILES
558 NO-MORE-TILES
559 NO-MORE-TILES
560 NO-MORE-TILES
561 NO-MORE-TILES
562 NO-MORE-TILES
563 NO-MORE-TILES
564 NO-MORE-TILES
565 NO-MORE-TILES
566 NO-MORE-TILES
567 NO-MORE-TILES
568 NO-MORE-TILES
569 NO-MORE-TILES
570 NO-MORE-TILES
571 NO-MORE-TILES
572 NO-MORE-TILES
573 NO-MORE-TILES
574 NO-MORE-TILES
575 NO-MORE-TILES
576 NO-MORE-TILES
577 NO-MORE-TILES
578 NO-MORE-TILES
579 NO-MORE-TILES
580 NO-MORE-TILES
581 NO-MORE-TILES
582 NO-MORE-TILES
583 NO-MORE-TILES
584 NO-MORE-TILES
585 NO-MORE-TILES
586 NO-MORE-TILES
587 NO-MORE-TILES
588 NO-MORE-TILES
589 NO-MORE-TILES
590 NO-MORE-TILES
591 NO-MORE-TILES
592 NO-MORE-TILES
593 NO-MORE-TILES
594 NO-MORE-TILES
595 NO-MORE-TILES
596 NO-MORE-TILES
597 NO-MORE-TILES
598 NO-MORE-TILES
599 NO-MORE-TILES
600 NO-MORE-TILES
601 NO-MORE-TILES
602 NO-MORE-TILES
603 NO-MORE-TILES
604 NO-MORE-TILES
605 NO-MORE-TILES
606 NO-MORE-TILES
607 NO-MORE-TILES
608 NO-MORE-TILES
609 NO-MORE-TILES
610 NO-MORE-TILES
611 NO-MORE-TILES
612 NO-MORE-TILES
613 NO-MORE-TILES
614 NO-MORE-TILES
615 NO-MORE-TILES
616 NO-MORE-TILES
617 NO-MORE-TILES
618 NO-MORE-TILES
619 NO-MORE-TILES
620 NO-MORE-TILES
621 NO-MORE-TILES
622 NO-MORE-TILES
623 NO-MORE-TILES
624 NO-MORE-TILES
625 NO-MORE-TILES
626 NO-MORE-TILES
627 NO-MORE-TILES
628 NO-MORE-TILES
629 NO-MORE-TILES
630 NO-MORE-TILES
631 NO-MORE-TILES
632 NO-MORE-TILES
633 NO-MORE-TILES
634 NO-MORE-TILES
635 NO-MORE-TILES
636 NO-MORE-TILES
637 NO-MORE-TILES
638 NO-MORE-TILES
639 NO-MORE-TILES
640 NO-MORE-TILES
641 NO-MORE-TILES
642 NO-MORE-TILES
643 NO-MORE-TILES
644 NO-MORE-TILES
645 NO-MORE-TILES
646 NO-MORE-TILES
647 NO-MORE-TILES
648 NO-MORE-TILES
649 NO-MORE-TILES
650 NO-MORE-TILES
651 NO-MORE-TILES
652 NO-MORE-TILES
653 NO-MORE-TILES
654 NO-MORE-TILES
655 NO-MORE-TILES
656 NO-MORE-TILES
657 NO-MORE-TILES
658 NO-MORE-TILES
659 NO-MORE-TILES
660 NO-MORE-TILES
661 NO-MORE-TILES
662 NO-MORE-TILES
663 NO-MORE-TILES
664 NO-MORE-TILES
665 NO-MORE-TILES
666 NO-MORE-TILES
667 NO-MORE-TILES
668 NO-MORE-TILES
669 NO-MORE-TILES
670 NO-MORE-TILES
671 NO-MORE-TILES
672 NO-MORE-TILES
673 NO-MORE-TILES
674 NO-MORE-TILES
675 NO-MORE-TILES
676 NO-MORE-TILES
677 NO-MORE-TILES
678 NO-MORE-TILES
679 NO-MORE-TILES
680 NO-MORE-TILES
681 NO-MORE-TILES
682 NO-MORE-TILES
683 NO-MORE-TILES
684 NO-MORE-TILES
685 NO-MORE-TILES
686 NO-MORE-TILES
687 NO-MORE-TILES
688 NO-MORE-TILES
689 NO-MORE-TILES
690 NO-MORE-TILES
691 NO-MORE-TILES
692 NO-MORE-TILES
693 NO-MORE-TILES
694 NO-MORE-TILES
695 NO-MORE-TILES
696 NO-MORE-TILES
697 NO-MORE-TILES
698 NO-MORE-TILES
699 NO-MORE-TILES
700 NO-MORE-TILES
701 NO-MORE-TILES
702 NO-MORE-TILES
703 NO-MORE-TILES
704 NO-MORE-TILES
705 NO-MORE-TILES
706 NO-MORE-TILES
707 NO-MORE-TILES
708 NO-MORE-TILES
709 NO-MORE-TILES
710 NO-MORE-TILES
711 NO-MORE-TILES
712 NO-MORE-TILES
713 NO-MORE-TILES
714 NO-MORE-TILES
715 NO-MORE-TILES
716 NO-MORE-TILES
717 NO-MORE-TILES
718 NO-MORE-TILES
719 NO-MORE-TILES
720 NO-MORE-TILES
721 NO-MORE-TILES
722 NO-MORE-TILES
723 NO-MORE-TILES
724 NO-MORE-TILES
725 NO-MORE-TILES
726 NO-MORE-TILES
727 NO-MORE-TILES
728 NO-MORE-TILES
729 NO-MORE-TILES
730 NO-MORE-TILES
731 NO-MORE-TILES
732 NO-MORE-TILES
733 NO-MORE-TILES
734 NO-MORE-TILES
735 NO-MORE-TILES
736 NO-MORE-TILES
737 NO-MORE-TILES
738 NO-MORE-TILES
739 NO-MORE-TILES
740 NO-MORE-TILES
741 NO-MORE-TILES
742 NO-MORE-TILES
743 NO-MORE-TILES
744 NO-MORE-TILES
745 NO-MORE-TILES
746 NO-MORE-TILES
747 NO-MORE-TILES
748 NO-MORE-TILES
749 NO-MORE-TILES
750 NO-MORE-TILES
751 NO-MORE-TILES
752 NO-MORE-TILES
753 NO-MORE-TILES
754 NO-MORE-TILES
755 NO-MORE-TILES
756 NO-MORE-TILES
757 NO-MORE-TILES
758 NO-MORE-TILES
759 NO-MORE-TILES
760 NO-MORE-TILES
761 NO-MORE-TILES
762 NO-MORE-TILES
763 NO-MORE-TILES
764 NO-MORE-TILES
765 NO-MORE-TILES
766 NO-MORE-TILES
767 NO-MORE-TILES
768 NO-MORE-TILES
769 NO-MORE-TILES
770 NO-MORE-TILES
771 NO-MORE-TILES
772 NO-MORE-TILES
773 NO-MORE-TILES
774 NO-MORE-TILES
775 NO-MORE-TILES
776 NO-MORE-TILES
777 NO-MORE-TILES
778 NO-MORE-TILES
779 NO-MORE-TILES
780 NO-MORE-TILES
781 NO-MORE-TILES
782 NO-MORE-TILES
783 NO-MORE-TILES
784 NO-MORE-TILES
785 NO-MORE-TILES
786 NO-MORE-TILES
787 NO-MORE-TILES
788 NO-MORE-TILES
789 NO-MORE-TILES
790 NO-MORE-TILES
791 NO-MORE-TILES
792 NO-MORE-TILES
793 NO-MORE-TILES
794 NO-MORE-TILES
795 NO-MORE-TILES
796 NO-MORE-TILES
797 NO-MORE-TILES
798 NO-MORE-TILES
799 NO-MORE-TILES
800 NO-MORE-TILES
801 NO-MORE-TILES
802 NO-MORE-TILES
803 NO-MORE-TILES
804 NO-MORE-TILES
805 NO-MORE-TILES
806 NO-MORE-TILES
807 NO-MORE-TILES
808 NO-MORE-TILES
809 NO-MORE-TILES
810 NO-MORE-TILES
811 NO-MORE-TILES
812 NO-MORE-TILES
813 NO-MORE-TILES
814 NO-MORE-TILES
815 NO-MORE-TILES
816 NO-MORE-TILES
817 NO-MORE-TILES
818 NO-MORE-TILES
819 NO-MORE-TILES
820 NO-MORE-TILES
821 NO-MORE-TILES
822 NO-MORE-TILES
823 NO-MORE-TILES
824 NO-MORE-TILES
825 NO-MORE-TILES
826 NO-MORE-TILES
827 NO-MORE-TILES
828 NO-MORE-TILES
829 NO-MORE-TILES
830 NO-MORE-TILES
831 NO-MORE-TILES
832 NO-MORE-TILES
833 NO-MORE-TILES
834 NO-MORE-TILES
835 NO-MORE-TILES
836 NO-MORE-TILES
837 NO-MORE-TILES
838 NO-MORE-TILES
839 NO-MORE-TILES
840 NO-MORE-TILES
841 NO-MORE-TILES
842 NO-MORE-TILES
843 NO-MORE-TILES
844 NO-MORE-TILES
845 NO-MORE-TILES
846 NO-MORE-TILES
847 NO-MORE-TILES
848 NO-MORE-TILES
849 NO-MORE-TILES
850 NO-MORE-TILES
851 NO-MORE-TILES
852 NO-MORE-TILES
853 NO-MORE-TILES
854 NO-MORE-TILES
855 NO-MORE-TILES
856 NO-MORE-TILES
857 NO-MORE-TILES
858 NO-MORE-TILES
859 NO-MORE-TILES
860 NO-MORE-TILES
861 NO-MORE-TILES
862 NO-MORE-TILES
863 NO-MORE-TILES
864 NO-MORE-TILES
865 NO-MORE-TILES
866 NO-MORE-TILES
867 NO-MORE-TILES
868 NO-MORE-TILES
869 NO-MORE-TILES
870 NO-MORE-TILES
871 NO-MORE-TILES
872 NO-MORE-TILES
873 NO-MORE-TILES
874 NO-MORE-TILES
875 NO-MORE-TILES
876 NO-MORE-TILES
877 NO-MORE-TILES
878 NO-MORE-TILES
879 NO-MORE-TILES
880 NO-MORE-TILES
881 NO-MORE-TILES
882 NO-MORE-TILES
883 NO-MORE-TILES
884 NO-MORE-TILES
885 NO-MORE-TILES
886 NO-MORE-TILES
887 NO-MORE-TILES
888 NO-MORE-TILES
889 NO-MORE-TILES
890 NO-MORE-TILES
891 NO-MORE-TILES
892 NO-MORE-TILES
893 NO-MORE-TILES
894 NO-MORE-TILES
895 NO-MORE-TILES
896 NO-MORE-TILES
897 NO-MORE-TILES
898 NO-MORE-TILES
899 NO-MORE-TILES
900 NO-MORE-TILES
901 NO-MORE-TILES
902 NO-MORE-TILES
903 NO-MORE-TILES
904 NO-MORE-TILES
905 NO-MORE-TILES
906 NO-MORE-TILES
907 NO-MORE-TILES
908 NO-MORE-TILES
909 NO-MORE-TILES
910 NO-MORE-TILES
911 NO-MORE-TILES
912 NO-MORE-TILES
913 NO-MORE-TILES
914 NO-MORE-TILES
915 NO-MORE-TILES
916 NO-MORE-TILES
917 NO-MORE-TILES
918 NO-MORE-TILES
919 NO-MORE-TILES
920 NO-MORE-TILES
921 NO-MORE-TILES
922 NO-MORE-TILES
923 NO-MORE-TILES
924 NO-MORE-TILES
925 NO-MORE-TILES
926 NO-MORE-TILES
927 NO-MORE-TILES
928 NO-MORE-TILES
929 NO-MORE-TILES
930 NO-MORE-TILES
931 NO-MORE-TILES
932 NO-MORE-TILES
933 NO-MORE-TILES
934 NO-MORE-TILES
935 NO-MORE-TILES
936 NO-MORE-TILES
937 NO-MORE-TILES
938 NO-MORE-TILES
939 NO-MORE-TILES
940 NO-MORE-TILES
941 NO-MORE-TILES
942 NO-MORE-TILES
943 NO-MORE-TILES
944 NO-MORE-TILES
945 NO-MORE-TILES
946 NO-MORE-TILES
947 NO-MORE-TILES
948 NO-MORE-TILES
949 NO-MORE-TILES
950 NO-MORE-TILES
951 NO-MORE-TILES
952 NO-MORE-TILES
953 NO-MORE-TILES
954 NO-MORE-TILES
955 NO-MORE-TILES
956 NO-MORE-TILES
957 NO-MORE-TILES
958 NO-MORE-TILES
959 NO-MORE-TILES
960 NO-MORE-TILES
961 NO-MORE-TILES
962 NO-MORE-TILES
963 NO-MORE-TILES
964 NO-MORE-TILES
965 NO-MORE-TILES
966 NO-MORE-TILES
967 NO-MORE-TILES
968 NO-MORE-TILES
969 NO-MORE-TILES
970 NO-MORE-TILES
971 NO-MORE-TILES
972 NO-MORE-TILES
973 NO-MORE-TILES
974 NO-MORE-TILES
975 NO-MORE-TILES
976 NO-MORE-TILES
977 NO-MORE-TILES
978 NO-MORE-TILES
979 NO-MORE-TILES
980 NO-MORE-TILES
981 NO-MORE-TILES
982 NO-MORE-TILES
983 NO-MORE-TILES
984 NO-MORE-TILES
985 NO-MORE-TILES
986 NO-MORE-TILES
987 NO-MORE-TILES
988 NO-MORE-TILES
989 NO-MORE-TILES
990 NO-MORE-TILES
991 NO-MORE-TILES
992 NO-MORE-TILES
993 NO-MORE-TILES
994 NO-MORE-TILES
995 NO-MORE-TILES
996 NO-MORE-TILES
997 NO-MORE-TILES
998 NO-MORE-TILES
999 NO-MORE-TILES
1000 NO-MORE-TILES
tiles_left=0
total_points=436
